[debug] [2024-01-07T12:25:29.027Z] ----------------------------------------------------------------------
[debug] [2024-01-07T12:25:29.030Z] Command:       C:\Program Files\nodejs\node.exe C:\Users\soroo\AppData\Roaming\npm\node_modules\firebase-tools\lib\bin\firebase.js init
[debug] [2024-01-07T12:25:29.030Z] CLI Version:   13.0.2
[debug] [2024-01-07T12:25:29.030Z] Platform:      win32
[debug] [2024-01-07T12:25:29.030Z] Node Version:  v20.10.0
[debug] [2024-01-07T12:25:29.031Z] Time:          Sun Jan 07 2024 15:55:29 GMT+0330 (وقت عادی ایران)
[debug] [2024-01-07T12:25:29.031Z] ----------------------------------------------------------------------
[debug] 
[debug] [2024-01-07T12:25:29.034Z] >>> [apiv2][query] GET https://firebase-public.firebaseio.com/cli.json [none]
[debug] [2024-01-07T12:25:29.090Z] > command requires scopes: ["email","openid","https://www.googleapis.com/auth/cloudplatformprojects.readonly","https://www.googleapis.com/auth/firebase","https://www.googleapis.com/auth/cloud-platform"]
[debug] [2024-01-07T12:25:29.090Z] > authorizing via signed-in user (sorooshdpki@gmail.com)
[info] 
     ######## #### ########  ######## ########     ###     ######  ########
     ##        ##  ##     ## ##       ##     ##  ##   ##  ##       ##
     ######    ##  ########  ######   ########  #########  ######  ######
     ##        ##  ##    ##  ##       ##     ## ##     ##       ## ##
     ##       #### ##     ## ######## ########  ##     ##  ######  ########

You're about to initialize a Firebase project in this directory:

  E:\education\programming\javascript\apps\react practice\deploying

[debug] [2024-01-07T12:25:29.324Z] *** [apiv2] error from fetch(https://firebase-public.firebaseio.com/cli.json, {"headers":{},"method":"GET"}): FetchError: request to https://firebase-public.firebaseio.com/cli.json failed, reason: Client network socket disconnected before secure TLS connection was established
[warn] !  Unable to fetch the CLI MOTD and remote config. This is not a fatal error, but may indicate an issue with your network connection. 
[debug] [2024-01-07T12:25:29.327Z] Failed to fetch MOTD FirebaseError: Failed to make request to https://firebase-public.firebaseio.com/cli.json
[info] 
=== Project Setup
[info] 
[info] First, let's associate this project directory with a Firebase project.
[info] You can create multiple project aliases by running firebase use --add, 
[info] but for now we'll just set up a default project.
[info] 
[debug] [2024-01-07T12:27:00.338Z] >>> [apiv2][query] GET https://firebase.googleapis.com/v1beta1/projects pageSize=100
[debug] [2024-01-07T12:27:01.105Z] <<< [apiv2][status] GET https://firebase.googleapis.com/v1beta1/projects 403
[debug] [2024-01-07T12:27:01.105Z] <<< [apiv2][body] GET https://firebase.googleapis.com/v1beta1/projects [omitted]
[debug] [2024-01-07T12:27:01.105Z] Unable to parse JSON: SyntaxError: Unexpected token '<', "<!DOCTYPE "... is not valid JSON
[debug] [2024-01-07T12:27:01.521Z] FirebaseError: Unable to parse JSON: SyntaxError: Unexpected token '<', "<!DOCTYPE "... is not valid JSON
    at RetryOperation._fn (C:\Users\soroo\AppData\Roaming\npm\node_modules\firebase-tools\lib\apiv2.js:264:39)
    at process.processTicksAndRejections (node:internal/process/task_queues:95:5)
[error] 
[error] Error: Failed to list Firebase projects. See firebase-debug.log for more info.
[debug] [2024-01-07T12:27:13.658Z] ----------------------------------------------------------------------
[debug] [2024-01-07T12:27:13.661Z] Command:       C:\Program Files\nodejs\node.exe C:\Users\soroo\AppData\Roaming\npm\node_modules\firebase-tools\lib\bin\firebase.js init
[debug] [2024-01-07T12:27:13.661Z] CLI Version:   13.0.2
[debug] [2024-01-07T12:27:13.662Z] Platform:      win32
[debug] [2024-01-07T12:27:13.662Z] Node Version:  v20.10.0
[debug] [2024-01-07T12:27:13.662Z] Time:          Sun Jan 07 2024 15:57:13 GMT+0330 (وقت عادی ایران)
[debug] [2024-01-07T12:27:13.662Z] ----------------------------------------------------------------------
[debug] 
[debug] [2024-01-07T12:27:13.665Z] >>> [apiv2][query] GET https://firebase-public.firebaseio.com/cli.json [none]
[debug] [2024-01-07T12:27:13.729Z] > command requires scopes: ["email","openid","https://www.googleapis.com/auth/cloudplatformprojects.readonly","https://www.googleapis.com/auth/firebase","https://www.googleapis.com/auth/cloud-platform"]
[debug] [2024-01-07T12:27:13.730Z] > authorizing via signed-in user (sorooshdpki@gmail.com)
[info] 
     ######## #### ########  ######## ########     ###     ######  ########
     ##        ##  ##     ## ##       ##     ##  ##   ##  ##       ##
     ######    ##  ########  ######   ########  #########  ######  ######
     ##        ##  ##    ##  ##       ##     ## ##     ##       ## ##
     ##       #### ##     ## ######## ########  ##     ##  ######  ########

You're about to initialize a Firebase project in this directory:

  E:\education\programming\javascript\apps\react practice\deploying

[debug] [2024-01-07T12:27:13.980Z] *** [apiv2] error from fetch(https://firebase-public.firebaseio.com/cli.json, {"headers":{},"method":"GET"}): FetchError: request to https://firebase-public.firebaseio.com/cli.json failed, reason: Client network socket disconnected before secure TLS connection was established
[warn] !  Unable to fetch the CLI MOTD and remote config. This is not a fatal error, but may indicate an issue with your network connection. 
[debug] [2024-01-07T12:27:13.984Z] Failed to fetch MOTD FirebaseError: Failed to make request to https://firebase-public.firebaseio.com/cli.json
[info] 
=== Project Setup
[info] 
[info] First, let's associate this project directory with a Firebase project.
[info] You can create multiple project aliases by running firebase use --add, 
[info] but for now we'll just set up a default project.
[info] 
[debug] [2024-01-07T12:27:29.128Z] >>> [apiv2][query] GET https://firebase.googleapis.com/v1beta1/projects pageSize=100
[debug] [2024-01-07T12:27:29.617Z] <<< [apiv2][status] GET https://firebase.googleapis.com/v1beta1/projects 403
[debug] [2024-01-07T12:27:29.617Z] <<< [apiv2][body] GET https://firebase.googleapis.com/v1beta1/projects [omitted]
[debug] [2024-01-07T12:27:29.617Z] Unable to parse JSON: SyntaxError: Unexpected token '<', "<!DOCTYPE "... is not valid JSON
[debug] [2024-01-07T12:27:30.090Z] FirebaseError: Unable to parse JSON: SyntaxError: Unexpected token '<', "<!DOCTYPE "... is not valid JSON
    at RetryOperation._fn (C:\Users\soroo\AppData\Roaming\npm\node_modules\firebase-tools\lib\apiv2.js:264:39)
    at process.processTicksAndRejections (node:internal/process/task_queues:95:5)
[error] 
[error] Error: Failed to list Firebase projects. See firebase-debug.log for more info.
